Added Component: Designator=U2(FP-RTW0024H-IPC_B)
Add component (AddParameter): Name = "Contact Plating"; Value = "Gold"; VariantName = "[No Variations]"
Add component (AddParameter): Name = "Lead Free"; Value = "Lead Free"; VariantName = "[No Variations]"
Add component (AddParameter): Name = "Max Operating Temperature"; Value = "85°C"; VariantName = "[No Variations]"
Add component (AddParameter): Name = "Min Operating Temperature"; Value = "-40°C"; VariantName = "[No Variations]"
Add component (AddParameter): Name = "Mount"; Value = "Surface Mount"; VariantName = "[No Variations]"
Add component (AddParameter): Name = "Number of Cells"; Value = "1"; VariantName = "[No Variations]"
Add component (AddParameter): Name = "Operating Supply Voltage"; Value = "14V"; VariantName = "[No Variations]"
Add component (AddParameter): Name = "Output Current"; Value = "5A"; VariantName = "[No Variations]"
Add component (AddParameter): Name = "Output Voltage"; Value = "4.6V"; VariantName = "[No Variations]"
Add component (AddParameter): Name = "RoHS Compliant"; Value = "Yes"; VariantName = "[No Variations]"
Added Pin To Net: NetName=VCC Pin=U2-1
Added Pin To Net: NetName=NetR4_2 Pin=U2-4
Added Pin To Net: NetName=NetR1_2 Pin=U2-10
Added Pin To Net: NetName=NetC6_1 Pin=U2-13
Added Pin To Net: NetName=NetC6_1 Pin=U2-14
Added Pin To Net: NetName=VSYS Pin=U2-15
Added Pin To Net: NetName=VSYS Pin=U2-16
Added Pin To Net: NetName=GND Pin=U2-17
Added Pin To Net: NetName=GND Pin=U2-18
Added Pin To Net: NetName=NetC3_1 Pin=U2-19
Added Pin To Net: NetName=NetC3_1 Pin=U2-20
Added Pin To Net: NetName=NetC3_2 Pin=U2-21
Added Pin To Net: NetName=REGN Pin=U2-22
Added Pin To Net: NetName=VPMID Pin=U2-23
Added Pin To Net: NetName=GND Pin=U2-25
Added Member To Class: ClassName=breakout Member=Component U2 BQ25895RTWR
