Added Component: Designator=BQ25895(FP-RTW0024H-IPC_B)
Add Pin To Net: Unknown Pin: Pin BQ25895-1
Add Pin To Net: Unknown Pin: Pin BQ25895-2
Add Pin To Net: Unknown Pin: Pin BQ25895-5
Add Pin To Net: Unknown Pin: Pin BQ25895-7
Add Pin To Net: Unknown Pin: Pin BQ25895-8
Add Pin To Net: Unknown Pin: Pin BQ25895-12
Add Pin To Net: Unknown Pin: Pin BQ25895-16
Add Pin To Net: Unknown Pin: Pin BQ25895-20
Add Pin To Net: Unknown Pin: Pin BQ25895-24
Add Pin To Net: Unknown Pin: Pin BQ25895-25
Add Pin To Net: Unknown Pin: Pin J2-1
Add Pin To Net: Unknown Pin: Pin J2-2
Add Pin To Net: Unknown Pin: Pin J2-3
Add Pin To Net: Unknown Pin: Pin J2-4
Add Pin To Net: Unknown Pin: Pin J2-5
Add Pin To Net: Unknown Pin: Pin J2-6
Added Pin To Net: NetName=NetBQ25895_10 Pin=R4-2
Added Net: Name=NetBQ25895_10
Added Pin To Net: NetName=NetBQ25895_21 Pin=C3-1
Added Net: Name=NetBQ25895_21
Added Pin To Net: NetName=NetBQ25895_22 Pin=C6-1
Added Net: Name=NetBQ25895_22
Added Pin To Net: NetName=NetBQ25895_23 Pin=R1-2
Added Net: Name=NetBQ25895_23
Add Class Member: Failed to add class member : Component BQ25895 BQ25895RTWR
Add Class Member: Failed to add class member : Component J2 USBC
